# JRE version: Java(TM) SE Runtime Environment (8.0_201-b09) (build 1.8.0_201-b09)
# Java VM: Java HotSpot(TM) 64-Bit Server VM (25.201-b09 mixed mode windows-amd64 compressed oops)
Heap:
 PSYoungGen      total 303616K, used 10183K [0x00000000db300000, 0x00000000eed00000, 0x0000000100000000)
  eden space 289792K, 3% used [0x00000000db300000,0x00000000dbcf1db8,0x00000000ece00000)
  from space 13824K, 0% used [0x00000000edf80000,0x00000000edf80000,0x00000000eed00000)
  to   space 15872K, 0% used [0x00000000ece00000,0x00000000ece00000,0x00000000edd80000)
 ParOldGen       total 80896K, used 78660K [0x0000000091800000, 0x0000000096700000, 0x00000000db300000)
  object space 80896K, 97% used [0x0000000091800000,0x00000000964d1178,0x0000000096700000)
 Metaspace       used 54435K, capacity 56988K, committed 57216K, reserved 1097728K
  class space    used 7341K, capacity 7966K, committed 8064K, reserved 1048576K
GC Heap History (10 events):
Event: 7.413 GC heap before
{Heap before GC invocations=11 (full 1):
 PSYoungGen      total 230912K, used 64660K [0x00000000db300000, 0x00000000ea580000, 0x0000000100000000)
  eden space 220672K, 24% used [0x00000000db300000,0x00000000de82c3a8,0x00000000e8a80000)
  from space 10240K, 99% used [0x00000000e8d00000,0x00000000e96f8e30,0x00000000e9700000)
  to   space 13824K, 0% used [0x00000000e9800000,0x00000000e9800000,0x00000000ea580000)
 ParOldGen       total 50688K, used 12854K [0x0000000091800000, 0x0000000094980000, 0x00000000db300000)
  object space 50688K, 25% used [0x0000000091800000,0x000000009248dbd0,0x0000000094980000)
 Metaspace       used 34054K, capacity 35272K, committed 35416K, reserved 1079296K
  class space    used 4493K, capacity 4748K, committed 4864K, reserved 1048576K
Event: 7.427 GC heap after
Heap after GC invocations=11 (full 1):
 PSYoungGen      total 235008K, used 6193K [0x00000000db300000, 0x00000000eec00000, 0x0000000100000000)
  eden space 221184K, 0% used [0x00000000db300000,0x00000000db300000,0x00000000e8b00000)
  from space 13824K, 44% used [0x00000000e9800000,0x00000000e9e0c780,0x00000000ea580000)
  to   space 13312K, 0% used [0x00000000e8b00000,0x00000000e8b00000,0x00000000e9800000)
 ParOldGen       total 50688K, used 18285K [0x0000000091800000, 0x0000000094980000, 0x00000000db300000)
  object space 50688K, 36% used [0x0000000091800000,0x00000000929db558,0x0000000094980000)
 Metaspace       used 34054K, capacity 35272K, committed 35416K, reserved 1079296K
  class space    used 4493K, capacity 4748K, committed 4864K, reserved 1048576K
}
Event: 7.427 GC heap before
{Heap before GC invocations=12 (full 2):
 PSYoungGen      total 235008K, used 6193K [0x00000000db300000, 0x00000000eec00000, 0x0000000100000000)
  eden space 221184K, 0% used [0x00000000db300000,0x00000000db300000,0x00000000e8b00000)
  from space 13824K, 44% used [0x00000000e9800000,0x00000000e9e0c780,0x00000000ea580000)
  to   space 13312K, 0% used [0x00000000e8b00000,0x00000000e8b00000,0x00000000e9800000)
 ParOldGen       total 50688K, used 18285K [0x0000000091800000, 0x0000000094980000, 0x00000000db300000)
  object space 50688K, 36% used [0x0000000091800000,0x00000000929db558,0x0000000094980000)
 Metaspace       used 34054K, capacity 35272K, committed 35416K, reserved 1079296K
  class space    used 4493K, capacity 4748K, committed 4864K, reserved 1048576K
Event: 7.482 GC heap after
Heap after GC invocations=12 (full 2):
 PSYoungGen      total 235008K, used 0K [0x00000000db300000, 0x00000000eec00000, 0x0000000100000000)
  eden space 221184K, 0% used [0x00000000db300000,0x00000000db300000,0x00000000e8b00000)
  from space 13824K, 0% used [0x00000000e9800000,0x00000000e9800000,0x00000000ea580000)
  to   space 13312K, 0% used [0x00000000e8b00000,0x00000000e8b00000,0x00000000e9800000)
 ParOldGen       total 80896K, used 16678K [0x0000000091800000, 0x0000000096700000, 0x00000000db300000)
  object space 80896K, 20% used [0x0000000091800000,0x0000000092849ae0,0x0000000096700000)
 Metaspace       used 34054K, capacity 35272K, committed 35416K, reserved 1079296K
  class space    used 4493K, capacity 4748K, committed 4864K, reserved 1048576K
}
Event: 10.081 GC heap before
{Heap before GC invocations=13 (full 2):
 PSYoungGen      total 235008K, used 221184K [0x00000000db300000, 0x00000000eec00000, 0x0000000100000000)
  eden space 221184K, 100% used [0x00000000db300000,0x00000000e8b00000,0x00000000e8b00000)
  from space 13824K, 0% used [0x00000000e9800000,0x00000000e9800000,0x00000000ea580000)
  to   space 13312K, 0% used [0x00000000e8b00000,0x00000000e8b00000,0x00000000e9800000)
 ParOldGen       total 80896K, used 16678K [0x0000000091800000, 0x0000000096700000, 0x00000000db300000)
  object space 80896K, 20% used [0x0000000091800000,0x0000000092849ae0,0x0000000096700000)
 Metaspace       used 45288K, capacity 47190K, committed 47360K, reserved 1089536K
  class space    used 5934K, capacity 6397K, committed 6400K, reserved 1048576K
Event: 10.093 GC heap after
Heap after GC invocations=13 (full 2):
 PSYoungGen      total 234496K, used 12889K [0x00000000db300000, 0x00000000eee00000, 0x0000000100000000)
  eden space 221184K, 0% used [0x00000000db300000,0x00000000db300000,0x00000000e8b00000)
  from space 13312K, 96% used [0x00000000e8b00000,0x00000000e9796678,0x00000000e9800000)
  to   space 14848K, 0% used [0x00000000edf80000,0x00000000edf80000,0x00000000eee00000)
 ParOldGen       total 80896K, used 16686K [0x0000000091800000, 0x0000000096700000, 0x00000000db300000)
  object space 80896K, 20% used [0x0000000091800000,0x000000009284bae0,0x0000000096700000)
 Metaspace       used 45288K, capacity 47190K, committed 47360K, reserved 1089536K
  class space    used 5934K, capacity 6397K, committed 6400K, reserved 1048576K
}
Event: 13.473 GC heap before
{Heap before GC invocations=14 (full 2):
 PSYoungGen      total 234496K, used 234073K [0x00000000db300000, 0x00000000eee00000, 0x0000000100000000)
  eden space 221184K, 100% used [0x00000000db300000,0x00000000e8b00000,0x00000000e8b00000)
  from space 13312K, 96% used [0x00000000e8b00000,0x00000000e9796678,0x00000000e9800000)
  to   space 14848K, 0% used [0x00000000edf80000,0x00000000edf80000,0x00000000eee00000)
 ParOldGen       total 80896K, used 16686K [0x0000000091800000, 0x0000000096700000, 0x00000000db300000)
  object space 80896K, 20% used [0x0000000091800000,0x000000009284bae0,0x0000000096700000)
 Metaspace       used 54207K, capacity 56498K, committed 56576K, reserved 1097728K
  class space    used 7266K, capacity 7869K, committed 7936K, reserved 1048576K
Event: 13.515 GC heap after
Heap after GC invocations=14 (full 2):
 PSYoungGen      total 303616K, used 12110K [0x00000000db300000, 0x00000000eed00000, 0x0000000100000000)
  eden space 289792K, 0% used [0x00000000db300000,0x00000000db300000,0x00000000ece00000)
  from space 13824K, 87% used [0x00000000edf80000,0x00000000eeb53850,0x00000000eed00000)
  to   space 15872K, 0% used [0x00000000ece00000,0x00000000ece00000,0x00000000edd80000)
 ParOldGen       total 80896K, used 69744K [0x0000000091800000, 0x0000000096700000, 0x00000000db300000)
  object space 80896K, 86% used [0x0000000091800000,0x0000000095c1c398,0x0000000096700000)
 Metaspace       used 54207K, capacity 56498K, committed 56576K, reserved 1097728K
  class space    used 7266K, capacity 7869K, committed 7936K, reserved 1048576K
}
Event: 13.515 GC heap before
{Heap before GC invocations=15 (full 3):
 PSYoungGen      total 303616K, used 12110K [0x00000000db300000, 0x00000000eed00000, 0x0000000100000000)
  eden space 289792K, 0% used [0x00000000db300000,0x00000000db300000,0x00000000ece00000)
  from space 13824K, 87% used [0x00000000edf80000,0x00000000eeb53850,0x00000000eed00000)
  to   space 15872K, 0% used [0x00000000ece00000,0x00000000ece00000,0x00000000edd80000)
 ParOldGen       total 80896K, used 69744K [0x0000000091800000, 0x0000000096700000, 0x00000000db300000)
  object space 80896K, 86% used [0x0000000091800000,0x0000000095c1c398,0x0000000096700000)
 Metaspace       used 54207K, capacity 56498K, committed 56576K, reserved 1097728K
  class space    used 7266K, capacity 7869K, committed 7936K, reserved 1048576K
Event: 13.726 GC heap after
Heap after GC invocations=15 (full 3):
 PSYoungGen      total 303616K, used 0K [0x00000000db300000, 0x00000000eed00000, 0x0000000100000000)
  eden space 289792K, 0% used [0x00000000db300000,0x00000000db300000,0x00000000ece00000)
  from space 13824K, 0% used [0x00000000edf80000,0x00000000edf80000,0x00000000eed00000)
  to   space 15872K, 0% used [0x00000000ece00000,0x00000000ece00000,0x00000000edd80000)
 ParOldGen       total 80896K, used 78660K [0x0000000091800000, 0x0000000096700000, 0x00000000db300000)
  object space 80896K, 97% used [0x0000000091800000,0x00000000964d1178,0x0000000096700000)
 Metaspace       used 54207K, capacity 56498K, committed 56576K, reserved 1097728K
  class space    used 7266K, capacity 7869K, committed 7936K, reserved 1048576K
}

