# JRE version: Java(TM) SE Runtime Environment (8.0_201-b09) (build 1.8.0_201-b09)
# Java VM: Java HotSpot(TM) 64-Bit Server VM (25.201-b09 mixed mode windows-amd64 compressed oops)
Heap:
 PSYoungGen      total 273920K, used 145105K [0x00000000db300000, 0x00000000f3200000, 0x0000000100000000)
  eden space 260608K, 50% used [0x00000000db300000,0x00000000e33b5218,0x00000000eb180000)
  from space 13312K, 99% used [0x00000000eb180000,0x00000000ebe7f238,0x00000000ebe80000)
  to   space 15872K, 0% used [0x00000000f2280000,0x00000000f2280000,0x00000000f3200000)
 ParOldGen       total 72192K, used 18745K [0x0000000091800000, 0x0000000095e80000, 0x00000000db300000)
  object space 72192K, 25% used [0x0000000091800000,0x0000000092a4e520,0x0000000095e80000)
 Metaspace       used 54405K, capacity 56740K, committed 56960K, reserved 1097728K
  class space    used 7369K, capacity 8042K, committed 8064K, reserved 1048576K
GC Heap History (10 events):
Event: 5.060 GC heap before
{Heap before GC invocations=9 (full 1):
 PSYoungGen      total 121856K, used 113152K [0x00000000db300000, 0x00000000ea100000, 0x0000000100000000)
  eden space 113152K, 100% used [0x00000000db300000,0x00000000e2180000,0x00000000e2180000)
  from space 8704K, 0% used [0x00000000e2180000,0x00000000e2180000,0x00000000e2a00000)
  to   space 8704K, 0% used [0x00000000e9880000,0x00000000e9880000,0x00000000ea100000)
 ParOldGen       total 46592K, used 6380K [0x0000000091800000, 0x0000000094580000, 0x00000000db300000)
  object space 46592K, 13% used [0x0000000091800000,0x0000000091e3b128,0x0000000094580000)
 Metaspace       used 27914K, capacity 28768K, committed 29056K, reserved 1075200K
  class space    used 3679K, capacity 3874K, committed 3968K, reserved 1048576K
Event: 5.072 GC heap after
Heap after GC invocations=9 (full 1):
 PSYoungGen      total 197632K, used 8680K [0x00000000db300000, 0x00000000ea100000, 0x0000000100000000)
  eden space 188928K, 0% used [0x00000000db300000,0x00000000db300000,0x00000000e6b80000)
  from space 8704K, 99% used [0x00000000e9880000,0x00000000ea0fa240,0x00000000ea100000)
  to   space 10240K, 0% used [0x00000000e8d00000,0x00000000e8d00000,0x00000000e9700000)
 ParOldGen       total 46592K, used 7365K [0x0000000091800000, 0x0000000094580000, 0x00000000db300000)
  object space 46592K, 15% used [0x0000000091800000,0x0000000091f31418,0x0000000094580000)
 Metaspace       used 27914K, capacity 28768K, committed 29056K, reserved 1075200K
  class space    used 3679K, capacity 3874K, committed 3968K, reserved 1048576K
}
Event: 7.933 GC heap before
{Heap before GC invocations=10 (full 1):
 PSYoungGen      total 197632K, used 197608K [0x00000000db300000, 0x00000000ea100000, 0x0000000100000000)
  eden space 188928K, 100% used [0x00000000db300000,0x00000000e6b80000,0x00000000e6b80000)
  from space 8704K, 99% used [0x00000000e9880000,0x00000000ea0fa240,0x00000000ea100000)
  to   space 10240K, 0% used [0x00000000e8d00000,0x00000000e8d00000,0x00000000e9700000)
 ParOldGen       total 46592K, used 7365K [0x0000000091800000, 0x0000000094580000, 0x00000000db300000)
  object space 46592K, 15% used [0x0000000091800000,0x0000000091f31418,0x0000000094580000)
 Metaspace       used 33678K, capacity 34918K, committed 35200K, reserved 1079296K
  class space    used 4432K, capacity 4677K, committed 4736K, reserved 1048576K
Event: 7.947 GC heap after
Heap after GC invocations=10 (full 1):
 PSYoungGen      total 233472K, used 10232K [0x00000000db300000, 0x00000000ecc80000, 0x0000000100000000)
  eden space 223232K, 0% used [0x00000000db300000,0x00000000db300000,0x00000000e8d00000)
  from space 10240K, 99% used [0x00000000e8d00000,0x00000000e96fe3d0,0x00000000e9700000)
  to   space 14336K, 0% used [0x00000000ebe80000,0x00000000ebe80000,0x00000000ecc80000)
 ParOldGen       total 46592K, used 13203K [0x0000000091800000, 0x0000000094580000, 0x00000000db300000)
  object space 46592K, 28% used [0x0000000091800000,0x00000000924e4e20,0x0000000094580000)
 Metaspace       used 33678K, capacity 34918K, committed 35200K, reserved 1079296K
  class space    used 4432K, capacity 4677K, committed 4736K, reserved 1048576K
}
Event: 8.137 GC heap before
{Heap before GC invocations=11 (full 1):
 PSYoungGen      total 233472K, used 47814K [0x00000000db300000, 0x00000000ecc80000, 0x0000000100000000)
  eden space 223232K, 16% used [0x00000000db300000,0x00000000dd7b3790,0x00000000e8d00000)
  from space 10240K, 99% used [0x00000000e8d00000,0x00000000e96fe3d0,0x00000000e9700000)
  to   space 14336K, 0% used [0x00000000ebe80000,0x00000000ebe80000,0x00000000ecc80000)
 ParOldGen       total 46592K, used 13203K [0x0000000091800000, 0x0000000094580000, 0x00000000db300000)
  object space 46592K, 28% used [0x0000000091800000,0x00000000924e4e20,0x0000000094580000)
 Metaspace       used 34040K, capacity 35268K, committed 35416K, reserved 1079296K
  class space    used 4487K, capacity 4746K, committed 4864K, reserved 1048576K
Event: 8.149 GC heap after
Heap after GC invocations=11 (full 1):
 PSYoungGen      total 274944K, used 6144K [0x00000000db300000, 0x00000000f0700000, 0x0000000100000000)
  eden space 260608K, 0% used [0x00000000db300000,0x00000000db300000,0x00000000eb180000)
  from space 14336K, 42% used [0x00000000ebe80000,0x00000000ec480000,0x00000000ecc80000)
  to   space 13312K, 0% used [0x00000000eb180000,0x00000000eb180000,0x00000000ebe80000)
 ParOldGen       total 46592K, used 18225K [0x0000000091800000, 0x0000000094580000, 0x00000000db300000)
  object space 46592K, 39% used [0x0000000091800000,0x00000000929cc4e8,0x0000000094580000)
 Metaspace       used 34040K, capacity 35268K, committed 35416K, reserved 1079296K
  class space    used 4487K, capacity 4746K, committed 4864K, reserved 1048576K
}
Event: 8.150 GC heap before
{Heap before GC invocations=12 (full 2):
 PSYoungGen      total 274944K, used 6144K [0x00000000db300000, 0x00000000f0700000, 0x0000000100000000)
  eden space 260608K, 0% used [0x00000000db300000,0x00000000db300000,0x00000000eb180000)
  from space 14336K, 42% used [0x00000000ebe80000,0x00000000ec480000,0x00000000ecc80000)
  to   space 13312K, 0% used [0x00000000eb180000,0x00000000eb180000,0x00000000ebe80000)
 ParOldGen       total 46592K, used 18225K [0x0000000091800000, 0x0000000094580000, 0x00000000db300000)
  object space 46592K, 39% used [0x0000000091800000,0x00000000929cc4e8,0x0000000094580000)
 Metaspace       used 34040K, capacity 35268K, committed 35416K, reserved 1079296K
  class space    used 4487K, capacity 4746K, committed 4864K, reserved 1048576K
Event: 8.211 GC heap after
Heap after GC invocations=12 (full 2):
 PSYoungGen      total 274944K, used 0K [0x00000000db300000, 0x00000000f0700000, 0x0000000100000000)
  eden space 260608K, 0% used [0x00000000db300000,0x00000000db300000,0x00000000eb180000)
  from space 14336K, 0% used [0x00000000ebe80000,0x00000000ebe80000,0x00000000ecc80000)
  to   space 13312K, 0% used [0x00000000eb180000,0x00000000eb180000,0x00000000ebe80000)
 ParOldGen       total 72192K, used 16651K [0x0000000091800000, 0x0000000095e80000, 0x00000000db300000)
  object space 72192K, 23% used [0x0000000091800000,0x0000000092842e38,0x0000000095e80000)
 Metaspace       used 34040K, capacity 35268K, committed 35416K, reserved 1079296K
  class space    used 4487K, capacity 4746K, committed 4864K, reserved 1048576K
}
Event: 11.128 GC heap before
{Heap before GC invocations=13 (full 2):
 PSYoungGen      total 274944K, used 260608K [0x00000000db300000, 0x00000000f0700000, 0x0000000100000000)
  eden space 260608K, 100% used [0x00000000db300000,0x00000000eb180000,0x00000000eb180000)
  from space 14336K, 0% used [0x00000000ebe80000,0x00000000ebe80000,0x00000000ecc80000)
  to   space 13312K, 0% used [0x00000000eb180000,0x00000000eb180000,0x00000000ebe80000)
 ParOldGen       total 72192K, used 16651K [0x0000000091800000, 0x0000000095e80000, 0x00000000db300000)
  object space 72192K, 23% used [0x0000000091800000,0x0000000092842e38,0x0000000095e80000)
 Metaspace       used 47385K, capacity 49438K, committed 49664K, reserved 1091584K
  class space    used 6270K, capacity 6807K, committed 6912K, reserved 1048576K
Event: 11.147 GC heap after
Heap after GC invocations=13 (full 2):
 PSYoungGen      total 273920K, used 13308K [0x00000000db300000, 0x00000000f3200000, 0x0000000100000000)
  eden space 260608K, 0% used [0x00000000db300000,0x00000000db300000,0x00000000eb180000)
  from space 13312K, 99% used [0x00000000eb180000,0x00000000ebe7f238,0x00000000ebe80000)
  to   space 15872K, 0% used [0x00000000f2280000,0x00000000f2280000,0x00000000f3200000)
 ParOldGen       total 72192K, used 18745K [0x0000000091800000, 0x0000000095e80000, 0x00000000db300000)
  object space 72192K, 25% used [0x0000000091800000,0x0000000092a4e520,0x0000000095e80000)
 Metaspace       used 47385K, capacity 49438K, committed 49664K, reserved 1091584K
  class space    used 6270K, capacity 6807K, committed 6912K, reserved 1048576K
}

